theQuizApp/app/build/intermediates/manifest_merge_blame_file/debug/manifest-merger-blame-debug-report.txt
1<?xml version="1.0" encoding="utf-8"?>
2<manifest xmlns:android="http://schemas.android.com/apk/res/android"
3    package="earth.devgalileo.thequizapp"
4    android:versionCode="1"
5    android:versionName="1.0" >
6
7    <uses-sdk
8        android:minSdkVersion="21"
8-->src\main\AndroidManifest.xml
9        android:targetSdkVersion="28" />
9-->src\main\AndroidManifest.xml
10
11    <application
11-->src\main\AndroidManifest.xml:5:5-32:19
12        android:allowBackup="true"
12-->src\main\AndroidManifest.xml:6:9-35
13        android:appComponentFactory="androidx.core.app.CoreComponentFactory"
13-->[androidx.core:core:1.3.0-beta01] AndroidManifest.xml:24:18-86
14        android:debuggable="true"
15        android:icon="@mipmap/ic_launcher"
15-->src\main\AndroidManifest.xml:7:9-43
16        android:label="@string/app_name"
16-->src\main\AndroidManifest.xml:8:9-41
17        android:roundIcon="@mipmap/ic_launcher_round"
17-->src\main\AndroidManifest.xml:9:9-54
18        android:supportsRtl="true"
18-->src\main\AndroidManifest.xml:10:9-35
19        android:testOnly="true"
20        android:theme="@style/AppTheme" >
20-->src\main\AndroidManifest.xml:11:9-40
21        <activity
21-->src\main\AndroidManifest.xml:12:9-17:20
22            android:name="earth.devgalileo.thequizapp.ResultActivity"
22-->src\main\AndroidManifest.xml:13:13-43
23            android:screenOrientation="portrait"
23-->src\main\AndroidManifest.xml:14:13-49
24            android:theme="@style/NoActionBarTheme" >
24-->src\main\AndroidManifest.xml:15:13-52
25        </activity>
26        <activity
26-->src\main\AndroidManifest.xml:18:9-20:52
27            android:name="earth.devgalileo.thequizapp.QuizQuestionsActivity"
27-->src\main\AndroidManifest.xml:19:13-50
28            android:screenOrientation="portrait" />
28-->src\main\AndroidManifest.xml:20:13-49
29        <activity
29-->src\main\AndroidManifest.xml:21:9-31:20
30            android:name="earth.devgalileo.thequizapp.MainActivity"
30-->src\main\AndroidManifest.xml:22:13-41
31            android:screenOrientation="portrait"
31-->src\main\AndroidManifest.xml:23:13-49
32            android:theme="@style/NoActionBarTheme"
32-->src\main\AndroidManifest.xml:24:13-52
33            android:windowSoftInputMode="adjustResize" >
33-->src\main\AndroidManifest.xml:25:13-55
34            <intent-filter>
34-->src\main\AndroidManifest.xml:26:13-30:29
35                <action android:name="android.intent.action.MAIN" />
35-->src\main\AndroidManifest.xml:27:17-69
35-->src\main\AndroidManifest.xml:27:25-66
36
37                <category android:name="android.intent.category.LAUNCHER" />
37-->src\main\AndroidManifest.xml:29:17-77
37-->src\main\AndroidManifest.xml:29:27-74
38            </intent-filter>
39        </activity>
40    </application>
41
42</manifest>